Using pre-set license
Built from '2020.3/staging' branch; Version is '2020.3.17f1 (a4537701e4ab) revision 10769271'; Using compiler version '192528614'; Build Type 'Release'
OS: 'Windows 10 Pro; OS build 17763.1577; Version 1809; 64bit' Language: 'en' Physical Memory: 65399 MB
BatchMode: 1, IsHumanControllingUs: 0, StartBugReporterOnCrash: 0, Is64bit: 1, IsPro: 0

COMMAND LINE ARGUMENTS:
C:\Program Files\Unity\Hub\Editor\2020.3.17f1\Editor\Unity.exe
-adb2
-batchMode
-noUpm
-name
AssetImportWorker0
-projectPath
D:/Unity/Shark
-logFile
Logs/AssetImportWorker0.log
-srvPort
63148
Successfully changed project path to: D:/Unity/Shark
D:/Unity/Shark
Using Asset Import Pipeline V2.
Refreshing native plugins compatible for Editor in 38.45 ms, found 2 plugins.
Preloading 0 native plugins for Editor in 0.00 ms.
Initialize engine version: 2020.3.17f1 (a4537701e4ab)
[Subsystems] Discovering subsystems at path C:/Program Files/Unity/Hub/Editor/2020.3.17f1/Editor/Data/Resources/UnitySubsystems
[Subsystems] Discovering subsystems at path D:/Unity/Shark/Assets
GfxDevice: creating device client; threaded=0
Direct3D:
    Version:  Direct3D 11.0 [level 11.1]
    Renderer: NVIDIA GeForce GTX 1050 Ti (ID=0x1c82)
    Vendor:   
    VRAM:     4018 MB
    Driver:   27.21.14.6627
Initialize mono
Mono path[0] = 'C:/Program Files/Unity/Hub/Editor/2020.3.17f1/Editor/Data/Managed'
Mono path[1] = 'C:/Program Files/Unity/Hub/Editor/2020.3.17f1/Editor/Data/MonoBleedingEdge/lib/mono/unityjit'
Mono config path = 'C:/Program Files/Unity/Hub/Editor/2020.3.17f1/Editor/Data/MonoBleedingEdge/etc'
Using monoOptions --debugger-agent=transport=dt_socket,embedding=1,server=y,suspend=n,address=127.0.0.1:56440
Begin MonoManager ReloadAssembly
Registering precompiled unity dll's ...
Register platform support module: C:/Program Files/Unity/Hub/Editor/2020.3.17f1/Editor/Data/PlaybackEngines/WindowsStandaloneSupport/UnityEditor.WindowsStandalone.Extensions.dll
Registered in 0.000732 seconds.
Native extension for WindowsStandalone target not found
Refreshing native plugins compatible for Editor in 40.35 ms, found 2 plugins.
Preloading 0 native plugins for Editor in 0.00 ms.
Mono: successfully reloaded assembly
- Completed reload, in  3.650 seconds
Domain Reload Profiling:
	ReloadAssembly (3650ms)
		BeginReloadAssembly (42ms)
			ExecutionOrderSort (0ms)
			DisableScriptedObjects (0ms)
			BackupInstance (0ms)
			ReleaseScriptingObjects (0ms)
			CreateAndSetChildDomain (1ms)
		EndReloadAssembly (345ms)
			LoadAssemblies (41ms)
			RebuildTransferFunctionScriptingTraits (0ms)
			SetupTypeCache (127ms)
			ReleaseScriptCaches (0ms)
			RebuildScriptCaches (25ms)
			SetupLoadedEditorAssemblies (139ms)
				LogAssemblyErrors (0ms)
				InitializePlatformSupportModulesInManaged (3ms)
				SetLoadedEditorAssemblies (0ms)
				RefreshPlugins (40ms)
				BeforeProcessingInitializeOnLoad (13ms)
				ProcessInitializeOnLoadAttributes (60ms)
				ProcessInitializeOnLoadMethodAttributes (22ms)
				AfterProcessingInitializeOnLoad (0ms)
				EditorAssembliesLoaded (0ms)
			ExecutionOrderSort2 (0ms)
			AwakeInstancesAfterBackupRestoration (0ms)
Platform modules already initialized, skipping
Registering precompiled user dll's ...
Registered in 0.001923 seconds.
Begin MonoManager ReloadAssembly
Native extension for WindowsStandalone target not found
Refreshing native plugins compatible for Editor in 39.10 ms, found 2 plugins.
Preloading 0 native plugins for Editor in 0.00 ms.
Mono: successfully reloaded assembly
- Completed reload, in  0.916 seconds
Domain Reload Profiling:
	ReloadAssembly (917ms)
		BeginReloadAssembly (113ms)
			ExecutionOrderSort (0ms)
			DisableScriptedObjects (4ms)
			BackupInstance (0ms)
			ReleaseScriptingObjects (0ms)
			CreateAndSetChildDomain (15ms)
		EndReloadAssembly (758ms)
			LoadAssemblies (71ms)
			RebuildTransferFunctionScriptingTraits (0ms)
			SetupTypeCache (236ms)
			ReleaseScriptCaches (0ms)
			RebuildScriptCaches (38ms)
			SetupLoadedEditorAssemblies (319ms)
				LogAssemblyErrors (0ms)
				InitializePlatformSupportModulesInManaged (3ms)
				SetLoadedEditorAssemblies (0ms)
				RefreshPlugins (39ms)
				BeforeProcessingInitializeOnLoad (61ms)
				ProcessInitializeOnLoadAttributes (210ms)
				ProcessInitializeOnLoadMethodAttributes (3ms)
				AfterProcessingInitializeOnLoad (2ms)
				EditorAssembliesLoaded (0ms)
			ExecutionOrderSort2 (0ms)
			AwakeInstancesAfterBackupRestoration (5ms)
Platform modules already initialized, skipping
========================================================================
Worker process is ready to serve import requests
Launched and connected shader compiler UnityShaderCompiler.exe after 0.06 seconds
Refreshing native plugins compatible for Editor in 0.45 ms, found 2 plugins.
Preloading 0 native plugins for Editor in 0.00 ms.
Unloading 2704 Unused Serialized files (Serialized files now loaded: 0)
System memory in use before: 122.3 MB.
System memory in use after: 122.5 MB.

Unloading 19 unused Assets to reduce memory usage. Loaded Objects now: 3134.
Total: 2.767200 ms (FindLiveObjects: 0.239800 ms CreateObjectMapping: 0.108500 ms MarkObjects: 2.357800 ms  DeleteObjects: 0.059700 ms)

AssetImportParameters requested are different than current active one (requested -> active):
  custom:framework-win-MediaFoundation: 216162199b28c13a410421893ffa2e32 -> 
  custom:video-decoder-ogg-theora: a1e56fd34408186e4bbccfd4996cb3dc -> 
  custom:container-muxer-webm: aa71ff27fc2769a1b78a27578f13a17b -> 
  custom:container-demuxer-webm: 4f35f7cbe854078d1ac9338744f61a02 -> 
  custom:container-demuxer-ogg: 62fdf1f143b41e24485cea50d1cbac27 -> 
  custom:video-encoder-webm-vp8: eb34c28f22e8b96e1ab97ce403110664 -> 
  custom:video-decoder-webm-vp8: 9c59270c3fd7afecdb556c50c9e8de78 -> 
  custom:audio-decoder-ogg-vorbis: bf7c407c2cedff20999df2af8eb42d56 -> 
  custom:audio-encoder-webm-vorbis: bf7c407c2cedff20999df2af8eb42d56 -> 
========================================================================
Received Import Request.
  path: Assets/Readme.asset
  artifactKey: Guid(83c2ed844a8c74b779a4c823d16594b1) Importer(815301076,1909f56bfc062723c751e8b465ee728b)
Start importing Assets/Readme.asset using Guid(83c2ed844a8c74b779a4c823d16594b1) Importer(815301076,1909f56bfc062723c751e8b465ee728b)  -> (artifact id: '8ffd2c44ffeb50c574abb5d0c4453328') in 0.024627 seconds 
  Import took 0.027926 seconds .

========================================================================
Received Import Request.
  Time since last request: 253.014904 seconds.
  path: Assets/Scripts
  artifactKey: Guid(02a3527b6b33a924e8ec66aa805ea717) Importer(815301076,1909f56bfc062723c751e8b465ee728b)
Start importing Assets/Scripts using Guid(02a3527b6b33a924e8ec66aa805ea717) Importer(815301076,1909f56bfc062723c751e8b465ee728b)  -> (artifact id: 'f0a913a0049096cde5d6a727232f232f') in 0.008831 seconds 
  Import took 0.014812 seconds .

========================================================================
Received Import Request.
  Time since last request: 0.551621 seconds.
  path: Assets/Scenes
  artifactKey: Guid(81affef82ce62e6438e1d5370b7cedc9) Importer(815301076,1909f56bfc062723c751e8b465ee728b)
Start importing Assets/Scenes using Guid(81affef82ce62e6438e1d5370b7cedc9) Importer(815301076,1909f56bfc062723c751e8b465ee728b)  -> (artifact id: '4d7909ec4ab56a491395d8d4124b4bb8') in 0.005601 seconds 
  Import took 0.009479 seconds .

========================================================================
Received Import Request.
  Time since last request: 2.320846 seconds.
  path: Assets/Scenes/SampleScene.unity
  artifactKey: Guid(d1c3109bdb54ad54c8a2b2838528e640) Importer(815301076,1909f56bfc062723c751e8b465ee728b)
Start importing Assets/Scenes/SampleScene.unity using Guid(d1c3109bdb54ad54c8a2b2838528e640) Importer(815301076,1909f56bfc062723c751e8b465ee728b)  -> (artifact id: '1a7c01bc8ed57adf1ede3d700e613d7f') in 0.006025 seconds 
  Import took 0.010443 seconds .

========================================================================
Received Import Request.
  Time since last request: 8.339398 seconds.
  path: Assets/Scenes/jbjguj.unity
  artifactKey: Guid(d1c3109bdb54ad54c8a2b2838528e640) Importer(815301076,1909f56bfc062723c751e8b465ee728b)
Start importing Assets/Scenes/jbjguj.unity using Guid(d1c3109bdb54ad54c8a2b2838528e640) Importer(815301076,1909f56bfc062723c751e8b465ee728b)  -> (artifact id: '543c3013bda8ab391f8d0faf6c224ec1') in 0.006868 seconds 
  Import took 0.011144 seconds .

========================================================================
Received Import Request.
  Time since last request: 13.390098 seconds.
  path: Assets/Assets
  artifactKey: Guid(be3d570eb2f66614bad18eb5021ee6cf) Importer(815301076,1909f56bfc062723c751e8b465ee728b)
Start importing Assets/Assets using Guid(be3d570eb2f66614bad18eb5021ee6cf) Importer(815301076,1909f56bfc062723c751e8b465ee728b)  -> (artifact id: 'f85ab89651d042314f135db184d5adcf') in 0.006396 seconds 
  Import took 0.010431 seconds .

========================================================================
Received Import Request.
  Time since last request: 1.064977 seconds.
  path: Assets/Assets/Scenes
  artifactKey: Guid(8152a9fb8b68bad46934c4379f0bd1c7) Importer(815301076,1909f56bfc062723c751e8b465ee728b)
Start importing Assets/Assets/Scenes using Guid(8152a9fb8b68bad46934c4379f0bd1c7) Importer(815301076,1909f56bfc062723c751e8b465ee728b)  -> (artifact id: '539bf48ebb27442db5d53b6e50d84dfb') in 0.001624 seconds 
  Import took 0.006145 seconds .

========================================================================
Received Import Request.
  Time since last request: 1.122002 seconds.
  path: Assets/Assets/Scenes/SampleScene
  artifactKey: Guid(45b918434aa17384ba13edf4e989d1d8) Importer(815301076,1909f56bfc062723c751e8b465ee728b)
Start importing Assets/Assets/Scenes/SampleScene using Guid(45b918434aa17384ba13edf4e989d1d8) Importer(815301076,1909f56bfc062723c751e8b465ee728b)  -> (artifact id: '2dc527e6291f8f62ba870b5acb7f25d9') in 0.005552 seconds 
  Import took 0.009681 seconds .

========================================================================
Received Import Request.
  Time since last request: 0.077343 seconds.
  path: Assets/Assets/Scenes/SampleScene/Global Volume Profile.asset
  artifactKey: Guid(e5d4113ce0e550e49b2c687a17233d7e) Importer(815301076,1909f56bfc062723c751e8b465ee728b)
Start importing Assets/Assets/Scenes/SampleScene/Global Volume Profile.asset using Guid(e5d4113ce0e550e49b2c687a17233d7e) Importer(815301076,1909f56bfc062723c751e8b465ee728b)  -> (artifact id: 'b11c3d9959784b0f1afe9fa770e2765f') in 0.012990 seconds 
  Import took 0.016648 seconds .

========================================================================
Received Import Request.
  Time since last request: 0.000253 seconds.
  path: Assets/Assets/Scenes/SampleScene/LightingData.asset
  artifactKey: Guid(9bbef9e096b96d94f854df4a6b66e5ba) Importer(815301076,1909f56bfc062723c751e8b465ee728b)
Start importing Assets/Assets/Scenes/SampleScene/LightingData.asset using Guid(9bbef9e096b96d94f854df4a6b66e5ba) Importer(815301076,1909f56bfc062723c751e8b465ee728b)  -> (artifact id: 'f14ef722923a3b6e1580eb0490da9aa8') in 0.004898 seconds 
  Import took 0.008086 seconds .

========================================================================
Received Import Request.
  Time since last request: 0.000212 seconds.
  path: Assets/Assets/Scenes/SampleScene/Lightmap-1_comp_dir.png
  artifactKey: Guid(753e0dab1b456eb46915cdf598826d5b) Importer(815301076,1909f56bfc062723c751e8b465ee728b)
Start importing Assets/Assets/Scenes/SampleScene/Lightmap-1_comp_dir.png using Guid(753e0dab1b456eb46915cdf598826d5b) Importer(815301076,1909f56bfc062723c751e8b465ee728b)  -> (artifact id: '12f011bfcaf2456e7b7b20e6759a4155') in 0.038013 seconds 
  Import took 0.041477 seconds .

========================================================================
Received Import Request.
  Time since last request: 0.000237 seconds.
  path: Assets/Assets/Scenes/SampleScene/Lightmap-3_comp_light.exr
  artifactKey: Guid(69fce58ee13c3b347bff9ee76ce4f2e3) Importer(815301076,1909f56bfc062723c751e8b465ee728b)
Start importing Assets/Assets/Scenes/SampleScene/Lightmap-3_comp_light.exr using Guid(69fce58ee13c3b347bff9ee76ce4f2e3) Importer(815301076,1909f56bfc062723c751e8b465ee728b)  -> (artifact id: '6e226b4a96084e1e86ea7702533a1484') in 0.031237 seconds 
  Import took 0.034246 seconds .

========================================================================
Received Import Request.
  Time since last request: 0.000276 seconds.
  path: Assets/Assets/Scenes/SampleScene/Lightmap-2_comp_dir.png
  artifactKey: Guid(74d83b6a8e7cf1b40bdb2f2c9c21742d) Importer(815301076,1909f56bfc062723c751e8b465ee728b)
Start importing Assets/Assets/Scenes/SampleScene/Lightmap-2_comp_dir.png using Guid(74d83b6a8e7cf1b40bdb2f2c9c21742d) Importer(815301076,1909f56bfc062723c751e8b465ee728b)  -> (artifact id: '9e85d7a73f08e9492a8dd1a81156a855') in 0.009297 seconds 
  Import took 0.012493 seconds .

========================================================================
Received Import Request.
  Time since last request: 0.000208 seconds.
  path: Assets/Assets/Scenes/SampleScene/Lightmap-0_comp_dir.png
  artifactKey: Guid(c32b33c84a37bf243be26cf99bbc41eb) Importer(815301076,1909f56bfc062723c751e8b465ee728b)
Start importing Assets/Assets/Scenes/SampleScene/Lightmap-0_comp_dir.png using Guid(c32b33c84a37bf243be26cf99bbc41eb) Importer(815301076,1909f56bfc062723c751e8b465ee728b)  -> (artifact id: 'f0672267171387169e24964c964d880c') in 0.013847 seconds 
  Import took 0.017459 seconds .

========================================================================
Received Import Request.
  Time since last request: 0.000204 seconds.
  path: Assets/Assets/Scenes/SampleScene/ReflectionProbe-0.exr
  artifactKey: Guid(34f24f63c81b4834aa6ee17811ca1a02) Importer(815301076,1909f56bfc062723c751e8b465ee728b)
Start importing Assets/Assets/Scenes/SampleScene/ReflectionProbe-0.exr using Guid(34f24f63c81b4834aa6ee17811ca1a02) Importer(815301076,1909f56bfc062723c751e8b465ee728b)  -> (artifact id: 'd245c8382665317768a10a45cece2e1e') in 0.029969 seconds 
  Import took 0.033432 seconds .

========================================================================
Received Import Request.
  Time since last request: 0.000197 seconds.
  path: Assets/Assets/Scenes/SampleScene/Lightmap-2_comp_light.exr
  artifactKey: Guid(b96f3440fc21bc047b2036eff7b85a91) Importer(815301076,1909f56bfc062723c751e8b465ee728b)
Start importing Assets/Assets/Scenes/SampleScene/Lightmap-2_comp_light.exr using Guid(b96f3440fc21bc047b2036eff7b85a91) Importer(815301076,1909f56bfc062723c751e8b465ee728b)  -> (artifact id: '00fa374a45cb15de62c5ac662b61735f') in 0.009661 seconds 
  Import took 0.012850 seconds .

========================================================================
Received Import Request.
  Time since last request: 0.000225 seconds.
  path: Assets/Assets/Scenes/SampleScene/Lightmap-1_comp_light.exr
  artifactKey: Guid(57a0ab08c6c62304392e6616b14b677a) Importer(815301076,1909f56bfc062723c751e8b465ee728b)
Start importing Assets/Assets/Scenes/SampleScene/Lightmap-1_comp_light.exr using Guid(57a0ab08c6c62304392e6616b14b677a) Importer(815301076,1909f56bfc062723c751e8b465ee728b)  -> (artifact id: '587a805edf5cb36c7b3209c5e92e64e9') in 0.012571 seconds 
  Import took 0.016336 seconds .

========================================================================
Received Import Request.
  Time since last request: 0.000214 seconds.
  path: Assets/Assets/Scenes/SampleScene/Lightmap-3_comp_dir.png
  artifactKey: Guid(8ee6e93c8fc210741bc768b8251754d4) Importer(815301076,1909f56bfc062723c751e8b465ee728b)
Start importing Assets/Assets/Scenes/SampleScene/Lightmap-3_comp_dir.png using Guid(8ee6e93c8fc210741bc768b8251754d4) Importer(815301076,1909f56bfc062723c751e8b465ee728b)  -> (artifact id: 'da3c34cbcfb2104a551f5db9274b7ddc') in 0.011494 seconds 
  Import took 0.015759 seconds .

========================================================================
Received Import Request.
  Time since last request: 0.000235 seconds.
  path: Assets/Assets/Scenes/SampleScene/Lightmap-0_comp_light.exr
  artifactKey: Guid(1c5f33869ec0291428f103ddc7e9df44) Importer(815301076,1909f56bfc062723c751e8b465ee728b)
Start importing Assets/Assets/Scenes/SampleScene/Lightmap-0_comp_light.exr using Guid(1c5f33869ec0291428f103ddc7e9df44) Importer(815301076,1909f56bfc062723c751e8b465ee728b)  -> (artifact id: '862b0964948b5d5b005a06ea2f6edcb1') in 0.014067 seconds 
  Import took 0.017764 seconds .

========================================================================
Received Import Request.
  Time since last request: 2.349730 seconds.
  path: Assets/Assets/Scenes/SampleScene.unity
  artifactKey: Guid(9fc0d4010bbf28b4594072e72b8655ab) Importer(815301076,1909f56bfc062723c751e8b465ee728b)
Start importing Assets/Assets/Scenes/SampleScene.unity using Guid(9fc0d4010bbf28b4594072e72b8655ab) Importer(815301076,1909f56bfc062723c751e8b465ee728b)  -> (artifact id: '01f3f61a729f1e4c045b1494a4f6a0cf') in 0.003005 seconds 
  Import took 0.007366 seconds .

AssetImportWorkerClient::OnTransportError - code=2 error=End of file
